ssh -T git@github.com
ssh -T git@git.blender.org
ssh -T -v git@projects.blender.org

git switch --force main

git fetch origin
# 当前不是main分支时重置main分支
git branch -f main origin/main

# 目标当前分支,后面是要重置到
git reset --hard origin/main



# git remote set-url Jacques git@git.blender.org:JacquesLucke/blender.git

git remote set-url origin https://projects.blender.org/blender/blender.git
git remote set-url origin git@git.blender.org:blender/blender.git



为什么 git 操作总卡住,暂时禁用
    git config --global --list
    
    git config --global gc.auto 0
    git config --global --unset gc.auto 0
    


> make showhash
Branch\_name=inline-some-shader-nodes
Branch\_hash=0f0839fbb8bbd9d41843139bd2f7c6ca5fee5eb0
Addons\_Branch\_name=inline-some-shader-nodes
Addons\_Branch\_hash=0f0839fbb8bbd9d41843139bd2f7c6ca5fee5eb0
Libs\_Branch\_name=HEAD
Libs\_Branch\_hash=72cdb679df0b959267636be51282d7e7e9b0614f




1.顶层
openvdb\unittest
openvdb\tools
openvdb\math
openvdb\points
openvdb\tree
openvdb\io
openvdb\python
openvdb\util
openvdb\thread
openvdb\Grid.h
openvdb\TypeList.h
openvdb\Types.h
openvdb\CMakeLists.txt
openvdb\Platform.h
openvdb\version.h.in
openvdb\Grid.cc
openvdb\LICENSE
openvdb\Metadata.h
openvdb\openvdb.h
openvdb\MetaMap.h
openvdb\MetaMap.cc
openvdb\openvdb.cc
openvdb\Metadata.cc
openvdb\Exceptions.h
openvdb\README
openvdb\Platform.cc
openvdb\PlatformConfig.h
openvdb\COPYRIGHT
2.
.\python
.\thread
.\util

.\python\__init__.py
.\python\CMakeLists.txt
.\python\pyAccessor.h
.\python\pyFloatGrid.cc
.\python\pyGrid.h
.\python\pyGridBase.cc
.\python\pyIntGrid.cc
.\python\pyMetadata.cc
.\python\pyOpenVDBModule.cc
.\python\pyPointGrid.cc
.\python\pyTransform.cc
.\python\pyTypeCasters.h
.\python\pyutil.h
.\python\pyVec3Grid.cc
.\python\test
.\python\test\TestOpenVDB.py
.\thread\Threading.h
.\util\Assert.cc
.\util\Assert.h
.\util\CpuTimer.h
.\util\ExplicitInstantiation.h
.\util\Formats.cc
.\util\Formats.h
.\util\logging.h
.\util\MapsUtil.h
.\util\Name.h
.\util\NodeMasks.h
.\util\NullInterrupter.h
.\util\PagedArray.h
.\util\Util.h

3.
.\math
.\io

.\math\BBox.h
.\math\ConjGradient.h
.\math\Coord.h
.\math\DDA.h
.\math\FiniteDifference.h
.\math\Half.cc
.\math\Half.h
.\math\LegacyFrustum.h
.\math\Maps.cc
.\math\Maps.h
.\math\Mat.h
.\math\Mat3.h
.\math\Mat4.h
.\math\Math.h
.\math\Operators.h
.\math\Proximity.cc
.\math\Proximity.h
.\math\QuantizedUnitVec.cc
.\math\QuantizedUnitVec.h
.\math\Quat.h
.\math\Ray.h
.\math\Stats.h
.\math\Stencils.h
.\math\Transform.cc
.\math\Transform.h
.\math\Tuple.h
.\math\Vec2.h
.\math\Vec3.h
.\math\Vec4.h

.\io\Archive.cc
.\io\Archive.h
.\io\Compression.cc
.\io\Compression.h
.\io\DelayedLoadMetadata.cc
.\io\DelayedLoadMetadata.h
.\io\File.cc
.\io\File.h
.\io\GridDescriptor.cc
.\io\GridDescriptor.h
.\io\io.h
.\io\Queue.cc
.\io\Queue.h
.\io\Stream.cc
.\io\Stream.h
.\io\TempFile.cc
.\io\TempFile.h



4.
.\unittest

.\unittest\CMakeLists.txt
.\unittest\main.cc
.\unittest\PointBuilder.h
.\unittest\TestActivate.cc
.\unittest\TestAttributeArray.cc
.\unittest\TestAttributeArrayString.cc
.\unittest\TestAttributeGroup.cc
.\unittest\TestAttributeSet.cc
.\unittest\TestBBox.cc
.\unittest\TestClip.cc
.\unittest\TestConjGradient.cc
.\unittest\TestCoord.cc
.\unittest\TestCount.cc
.\unittest\TestCpt.cc
.\unittest\TestCurl.cc
.\unittest\TestDelayedLoadMetadata.cc
.\unittest\TestDense.cc
.\unittest\TestDenseSparseTools.cc
.\unittest\TestDiagnostics.cc
.\unittest\TestDivergence.cc
.\unittest\TestDoubleMetadata.cc
.\unittest\TestExceptions.cc
.\unittest\TestFastSweeping.cc
.\unittest\TestFile.cc
.\unittest\TestFilter.cc
.\unittest\TestFindActiveValues.cc
.\unittest\TestFloatMetadata.cc
.\unittest\TestGradient.cc
.\unittest\TestGrid.cc
.\unittest\TestGridBbox.cc
.\unittest\TestGridDescriptor.cc
.\unittest\TestGridIO.cc
.\unittest\TestGridTransformer.cc
.\unittest\TestIndexFilter.cc
.\unittest\TestIndexIterator.cc
.\unittest\TestInit.cc
.\unittest\TestInt32Metadata.cc
.\unittest\TestInt64Metadata.cc
.\unittest\TestInternalNode.cc
.\unittest\TestInternalOrigin.cc
.\unittest\TestLaplacian.cc
.\unittest\TestLeaf.cc
.\unittest\TestLeafBool.cc
.\unittest\TestLeafIO.cc
.\unittest\TestLeafManager.cc
.\unittest\TestLeafMask.cc
.\unittest\TestLeafOrigin.cc
.\unittest\TestLevelSetDilatedMesh.cc
.\unittest\TestLevelSetFilter.cc
.\unittest\TestLevelSetRayIntersector.cc
.\unittest\TestLevelSetTubes.cc
.\unittest\TestLevelSetUtil.cc
.\unittest\TestLinearInterp.cc
.\unittest\TestMaps.cc
.\unittest\TestMat4Metadata.cc
.\unittest\TestMath.cc
.\unittest\TestMeanCurvature.cc
.\unittest\TestMerge.cc
.\unittest\TestMeshToVolume.cc
.\unittest\TestMetadata.cc
.\unittest\TestMetadataIO.cc
.\unittest\TestMetaMap.cc
.\unittest\TestMorphology.cc
.\unittest\TestMultiResGrid.cc
.\unittest\TestName.cc
.\unittest\TestNodeIterator.cc
.\unittest\TestNodeManager.cc
.\unittest\TestNodeMask.cc
.\unittest\TestNodeVisitor.cc
.\unittest\TestParticleAtlas.cc
.\unittest\TestParticlesToLevelSet.cc
.\unittest\TestPCA.cc
.\unittest\TestPointAdvect.cc
.\unittest\TestPointAttribute.cc
.\unittest\TestPointConversion.cc
.\unittest\TestPointCount.cc
.\unittest\TestPointDataLeaf.cc
.\unittest\TestPointDelete.cc
.\unittest\TestPointGroup.cc
.\unittest\TestPointIndexGrid.cc
.\unittest\TestPointInstantiate.cc
.\unittest\TestPointMask.cc
.\unittest\TestPointMove.cc
.\unittest\TestPointPartitioner.cc
.\unittest\TestPointRasterizeFrustum.cc
.\unittest\TestPointRasterizeSDF.cc
.\unittest\TestPointRasterizeTrilinear.cc
.\unittest\TestPointReplicate.cc
.\unittest\TestPointSample.cc
.\unittest\TestPointScatter.cc
.\unittest\TestPointStatistics.cc
.\unittest\TestPointsToMask.cc
.\unittest\TestPoissonSolver.cc
.\unittest\TestPotentialFlow.cc
.\unittest\TestPrePostAPI.cc
.\unittest\TestQuadraticInterp.cc
.\unittest\TestQuantizedUnitVec.cc
.\unittest\TestQuat.cc
.\unittest\TestRay.cc
.\unittest\TestRootNode.cc
.\unittest\TestStats.cc
.\unittest\TestStencils.cc
.\unittest\TestStream.cc
.\unittest\TestStreamCompression.cc
.\unittest\TestStringMetadata.cc
.\unittest\TestTools.cc
.\unittest\TestTopologyToLevelSet.cc
.\unittest\TestTransform.cc
.\unittest\TestTree.cc
.\unittest\TestTreeCombine.cc
.\unittest\TestTreeGetSetValues.cc
.\unittest\TestTreeIterators.cc
.\unittest\TestTypeList.cc
.\unittest\TestTypes.cc
.\unittest\TestUtil.cc
.\unittest\TestValueAccessor.cc
.\unittest\TestVec2Metadata.cc
.\unittest\TestVec3Metadata.cc
.\unittest\TestVolumeRayIntersector.cc
.\unittest\TestVolumeToMesh.cc
.\unittest\TestVolumeToSpheres.cc
.\unittest\util.h


5.
.\tools
.\math
.\points
.\tree

.\points\AttributeArray.cc
.\points\AttributeArray.h
.\points\AttributeArrayString.cc
.\points\AttributeArrayString.h
.\points\AttributeGroup.cc
.\points\AttributeGroup.h
.\points\AttributeSet.cc
.\points\AttributeSet.h
.\points\impl
.\points\impl\PointAttributeImpl.h
.\points\impl\PointConversionImpl.h
.\points\impl\PointCountImpl.h
.\points\impl\PointDeleteImpl.h
.\points\impl\PointGroupImpl.h
.\points\impl\PointMaskImpl.h
.\points\impl\PointMoveImpl.h
.\points\impl\PointRasterizeEllipsoidsSDFImpl.h
.\points\impl\PointRasterizeFrustumImpl.h
.\points\impl\PointRasterizeSDFImpl.h
.\points\impl\PointRasterizeTrilinearImpl.h
.\points\impl\PointReplicateImpl.h
.\points\impl\PointSampleImpl.h
.\points\impl\PointScatterImpl.h
.\points\impl\PointStatisticsImpl.h
.\points\impl\PrincipalComponentAnalysisImpl.h
.\points\IndexFilter.h
.\points\IndexIterator.h
.\points\PointAdvect.h
.\points\PointAttribute.h
.\points\PointConversion.h
.\points\PointCount.h
.\points\PointDataGrid.h
.\points\PointDelete.h
.\points\PointGroup.h
.\points\PointMask.h
.\points\PointMove.h
.\points\PointRasterizeFrustum.h
.\points\PointRasterizeSDF.h
.\points\PointRasterizeTrilinear.h
.\points\PointReplicate.h
.\points\points.cc
.\points\PointSample.h
.\points\PointScatter.h
.\points\PointStatistics.h
.\points\PointTransfer.h
.\points\PrincipalComponentAnalysis.h
.\points\StreamCompression.cc
.\points\StreamCompression.h
.\tools\Activate.h
.\tools\ChangeBackground.h
.\tools\Clip.h
.\tools\Composite.h
.\tools\Count.h
.\tools\Dense.h
.\tools\DenseSparseTools.h
.\tools\Diagnostics.h
.\tools\FastSweeping.h
.\tools\Filter.h
.\tools\FindActiveValues.h
.\tools\GridOperators.h
.\tools\GridTransformer.h
.\tools\impl
.\tools\impl\ConvexVoxelizer.h
.\tools\impl\LevelSetDilatedMeshImpl.h
.\tools\impl\LevelSetTubesImpl.h
.\tools\Interpolation.h
.\tools\LevelSetAdvect.h
.\tools\LevelSetDilatedMesh.h
.\tools\LevelSetFilter.h
.\tools\LevelSetFracture.h
.\tools\LevelSetMeasure.h
.\tools\LevelSetMorph.h
.\tools\LevelSetPlatonic.h
.\tools\LevelSetRebuild.h
.\tools\LevelSetSphere.h
.\tools\LevelSetTracker.h
.\tools\LevelSetTubes.h
.\tools\LevelSetUtil.h
.\tools\Mask.h
.\tools\Merge.h
.\tools\MeshToVolume.h
.\tools\Morphology.h
.\tools\MultiResGrid.h
.\tools\NodeVisitor.h
.\tools\ParticleAtlas.h
.\tools\ParticlesToLevelSet.h
.\tools\PointAdvect.h
.\tools\PointIndexGrid.h
.\tools\PointPartitioner.h
.\tools\PointScatter.h
.\tools\PointsToMask.h
.\tools\PoissonSolver.h
.\tools\PotentialFlow.h
.\tools\Prune.h
.\tools\RayIntersector.h
.\tools\RayTracer.h
.\tools\SignedFloodFill.h
.\tools\Statistics.h
.\tools\TopologyToLevelSet.h
.\tools\ValueTransformer.h
.\tools\VectorTransformer.h
.\tools\VelocityFields.h
.\tools\VolumeAdvect.h
.\tools\VolumeToMesh.h
.\tools\VolumeToSpheres.h
.\tree\InternalNode.h
.\tree\Iterator.h
.\tree\LeafBuffer.h
.\tree\LeafManager.h
.\tree\LeafNode.h
.\tree\LeafNodeBool.h
.\tree\LeafNodeMask.h
.\tree\NodeManager.h
.\tree\NodeUnion.h
.\tree\RootNode.h
.\tree\Tree.h
.\tree\TreeIterator.h
.\tree\ValueAccessor.h



看到别人发的, 这也太长了吧
blender.exe!openvdb::v12_0::tools::VolumeAdvection<openvdb::v12_0::Grid<openvdb::v12_0::tree::Tree<openvdb::v12_0::tree::RootNode<openvdb::v12_0::tree::InternalNode<openvdb::v12_0::tree::InternalNode<openvdb::v12_0::tree::LeafNode<openvdb::v12_0::math::Vec3<float>,3>,4>,5>>>>,0,openvdb::v12_0::util::NullInterrupter>::getMaxDistance<openvdb::v12_0::Grid<openvdb::v12_0::tree::Tree<openvdb::v12_0::tree::RootNode<openvdb::v12_0::tree::InternalNode<openvdb::v12_0::tree::InternalNode<openvdb::v12_0::tree::LeafNode<float,3>,4>,5>>>>>(const openvdb::v12_0::Grid<openvdb::v12_0::tree::Tree<openvdb::v12_0::tree::RootNode<openvdb::v12_0::tree::InternalNode<openvdb::v12_0::tree::InternalNode<openvdb::v12_0::tree::LeafNode<float,3>,4>,5>>>> & inGrid, double dt) Line 185	C++
 	blender.exe!openvdb::v12_0::tools::VolumeAdvection<openvdb::v12_0::Grid<openvdb::v12_0::tree::Tree<openvdb::v12_0::tree::RootNode<openvdb::v12_0::tree::InternalNode<openvdb::v12_0::tree::InternalNode<openvdb::v12_0::tree::LeafNode<openvdb::v12_0::math::Vec3<float>,3>,4>,5>>>>,0,openvdb::v12_0::util::NullInterrupter>::advect<openvdb::v12_0::Grid<openvdb::v12_0::tree::Tree<openvdb::v12_0::tree::RootNode<openvdb::v12_0::tree::InternalNode<openvdb::v12_0::tree::InternalNode<openvdb::v12_0::tree::LeafNode<openvdb::v12_0::math::Vec3<float>,3>,4>,5>>>>,openvdb::v12_0::tools::Sampler<1,0>>(const openvdb::v12_0::Grid<openvdb::v12_0::tree::Tree<openvdb::v12_0::tree::RootNode<openvdb::v12_0::tree::InternalNode<openvdb::v12_0::tree::InternalNode<openvdb::v12_0::tree::LeafNode<openvdb::v12_0::math::Vec3<float>,3>,4>,5>>>> & inGrid, double timeStep) Line 215	C++
 	[Inline Frame] blender.exe!blender::nodes::node_geo_grid_advect_cc::advect_grid(const openvdb::v12_0::Grid<openvdb::v12_0::tree::Tree<openvdb::v12_0::tree::RootNode<openvdb::v12_0::tree::InternalNode<openvdb::v12_0::tree::InternalNode<openvdb::v12_0::tree::LeafNode<openvdb::v12_0::math::Vec3<float>,3>,4>,5>>>> &) Line 206	C++
 	blender.exe!`blender::nodes::node_geo_grid_advect_cc::node_geo_exec'::`2'::<lambda_1>::operator()<blender::TypeTag<openvdb::v12_0::Grid<openvdb::v12_0::tree::Tree<openvdb::v12_0::tree::RootNode<openvdb::v12_0::tree::InternalNode<openvdb::v12_0::tree::InternalNode<openvdb::v12_0::tree::LeafNode<openvdb::v12_0::math::Vec3<float>,3>,4>,5>>>>>>(blender::TypeTag<openvdb::v12_0::Grid<openvdb::v12_0::tree::Tree<openvdb::v12_0::tree::RootNode<openvdb::v12_0::tree::InternalNode<openvdb::v12_0::tree::InternalNode<openvdb::v12_0::tree::LeafNode<openvdb::v12_0::math::Vec3<float>,3>,4>,5>>>>> grid_type_tag) Line 241	C++
 	[Inline Frame] blender.exe!BKE_volume_grid_type_to_static_type(const VolumeGridType) Line 90	C++
 	blender.exe!blender::nodes::node_geo_grid_advect_cc::node_geo_exec(blender::nodes::GeoNodeExecParams params) Line 235	C++
 	blender.exe!blender::nodes::LazyFunctionForGeometryNode::execute_impl(blender::fn::lazy_function::Params & params, const blender::fn::lazy_function::Context & context) Line 244	C++

    blender.exe!v12:tools::VolumeAdvection<v12:Grid<v12:tree::Tree<v12:tree::RootNode<v12:tree::InternalNode<v12:tree::InternalNode<v12:tree::LeafNode<v12:math::Vec3<float>,3>,4>,5>>>>,0,v12:util::NullInterrupter>::getMaxDistance<v12:Grid<v12:tree::Tree<v12:tree::RootNode<v12:tree::InternalNode<v12:tree::InternalNode<v12:tree::LeafNode<float,3>,4>,5>>>>>(const v12:Grid<v12:tree::Tree<v12:tree::RootNode<v12:tree::InternalNode<v12:tree::InternalNode<v12:tree::LeafNode<float,3>,4>,5>>>> & inGrid, double dt) Line 185	C++
 	blender.exe!v12:tools::VolumeAdvection<v12:Grid<v12:tree::Tree<v12:tree::RootNode<v12:tree::InternalNode<v12:tree::InternalNode<v12:tree::LeafNode<v12:math::Vec3<float>,3>,4>,5>>>>,0,v12:util::NullInterrupter>::advect<v12:Grid<v12:tree::Tree<v12:tree::RootNode<v12:tree::InternalNode<v12:tree::InternalNode<v12:tree::LeafNode<v12:math::Vec3<float>,3>,4>,5>>>>,v12:tools::Sampler<1,0>>(const v12:Grid<v12:tree::Tree<v12:tree::RootNode<v12:tree::InternalNode<v12:tree::InternalNode<v12:tree::LeafNode<v12:math::Vec3<float>,3>,4>,5>>>> & inGrid, double timeStep) Line 215	C++
 	[Inline Frame] blender.exe!blender::nodes::node_geo_grid_advect_cc::advect_grid(const v12:Grid<v12:tree::Tree<v12:tree::RootNode<v12:tree::InternalNode<v12:tree::InternalNode<v12:tree::LeafNode<v12:math::Vec3<float>,3>,4>,5>>>> &) Line 206	C++
 	blender.exe!`blender::nodes::node_geo_grid_advect_cc::node_geo_exec'::`2'::<lambda_1>::operator()<blender::TypeTag<v12:Grid<v12:tree::Tree<v12:tree::RootNode<v12:tree::InternalNode<v12:tree::InternalNode<v12:tree::LeafNode<v12:math::Vec3<float>,3>,4>,5>>>>>>(blender::TypeTag<v12:Grid<v12:tree::Tree<v12:tree::RootNode<v12:tree::InternalNode<v12:tree::InternalNode<v12:tree::LeafNode<v12:math::Vec3<float>,3>,4>,5>>>>> grid_type_tag) Line 241	C++
 	[Inline Frame] blender.exe!BKE_volume_grid_type_to_static_type(const VolumeGridType) Line 90	C++
 	blender.exe!blender::nodes::node_geo_grid_advect_cc::node_geo_exec(blender::nodes::GeoNodeExecParams params) Line 235	C++
 	blender.exe!blender::nodes::LazyFunctionForGeometryNode::execute_impl(blender::fn::lazy_function::Params & params, const blender::fn::lazy_function::Context & context) Line 244	C++

nodes = bpy.data.node_groups["Geometry Nodes"].nodes
for node in nodes:
	if node.select:
	    print(node.data_type, node.name)
		